Using pre-set license
Built from '2022.3/staging' branch; Version is '2022.3.13f1 (5f90a5ebde0f) revision 6262949'; Using compiler version '192829333'; Build Type 'Release'
OS: 'Windows 11  (10.0.22621) 64bit Core' Language: 'de' Physical Memory: 31864 MB
BatchMode: 1, IsHumanControllingUs: 0, StartBugReporterOnCrash: 0, Is64bit: 1, IsPro: 1

COMMAND LINE ARGUMENTS:
E:\Unity Installs\2022.3.13f1\Editor\Unity.exe
-adb2
-batchMode
-noUpm
-name
AssetImportWorker2
-projectPath
E:/Unity Projects/DualLimbUnity_2023.3.13f1
-logFile
Logs/AssetImportWorker2.log
-srvPort
61088
Successfully changed project path to: E:/Unity Projects/DualLimbUnity_2023.3.13f1
E:/Unity Projects/DualLimbUnity_2023.3.13f1
[UnityMemory] Configuration Parameters - Can be set up in boot.config
    "memorysetup-bucket-allocator-granularity=16"
    "memorysetup-bucket-allocator-bucket-count=8"
    "memorysetup-bucket-allocator-block-size=33554432"
    "memorysetup-bucket-allocator-block-count=8"
    "memorysetup-main-allocator-block-size=16777216"
    "memorysetup-thread-allocator-block-size=16777216"
    "memorysetup-gfx-main-allocator-block-size=16777216"
    "memorysetup-gfx-thread-allocator-block-size=16777216"
    "memorysetup-cache-allocator-block-size=4194304"
    "memorysetup-typetree-allocator-block-size=2097152"
    "memorysetup-profiler-bucket-allocator-granularity=16"
    "memorysetup-profiler-bucket-allocator-bucket-count=8"
    "memorysetup-profiler-bucket-allocator-block-size=33554432"
    "memorysetup-profiler-bucket-allocator-block-count=8"
    "memorysetup-profiler-allocator-block-size=16777216"
    "memorysetup-profiler-editor-allocator-block-size=1048576"
    "memorysetup-temp-allocator-size-main=16777216"
    "memorysetup-job-temp-allocator-block-size=2097152"
    "memorysetup-job-temp-allocator-block-size-background=1048576"
    "memorysetup-job-temp-allocator-reduction-small-platforms=262144"
    "memorysetup-allocator-temp-initial-block-size-main=262144"
    "memorysetup-allocator-temp-initial-block-size-worker=262144"
    "memorysetup-temp-allocator-size-background-worker=32768"
    "memorysetup-temp-allocator-size-job-worker=262144"
    "memorysetup-temp-allocator-size-preload-manager=33554432"
    "memorysetup-temp-allocator-size-nav-mesh-worker=65536"
    "memorysetup-temp-allocator-size-audio-worker=65536"
    "memorysetup-temp-allocator-size-cloud-worker=32768"
    "memorysetup-temp-allocator-size-gi-baking-worker=262144"
    "memorysetup-temp-allocator-size-gfx=262144"
Player connection [22016] Host "[IP] 10.0.0.2 [Port] 0 [Flags] 2 [Guid] 396266574 [EditorId] 396266574 [Version] 1048832 [Id] WindowsEditor(7,Richi-PC) [Debug] 1 [PackageName] WindowsEditor [ProjectName] Editor" joined multi-casting on [225.0.0.222:54997]...

Player connection [22016] Host "[IP] 10.0.0.2 [Port] 0 [Flags] 2 [Guid] 396266574 [EditorId] 396266574 [Version] 1048832 [Id] WindowsEditor(7,Richi-PC) [Debug] 1 [PackageName] WindowsEditor [ProjectName] Editor" joined alternative multi-casting on [225.0.0.222:34997]...

[Physics::Module] Initialized MultithreadedJobDispatcher with 11 workers.
Refreshing native plugins compatible for Editor in 5.39 ms, found 3 plugins.
Preloading 0 native plugins for Editor in 0.00 ms.
Initialize engine version: 2022.3.13f1 (5f90a5ebde0f)
[Subsystems] Discovering subsystems at path E:/Unity Installs/2022.3.13f1/Editor/Data/Resources/UnitySubsystems
[Subsystems] Discovering subsystems at path E:/Unity Projects/DualLimbUnity_2023.3.13f1/Assets
GfxDevice: creating device client; threaded=0; jobified=0
Direct3D:
    Version:  Direct3D 11.0 [level 11.1]
    Renderer: NVIDIA GeForce GTX 1080 (ID=0x1b80)
    Vendor:   NVIDIA
    VRAM:     8073 MB
    Driver:   31.0.15.4617
Initialize mono
Mono path[0] = 'E:/Unity Installs/2022.3.13f1/Editor/Data/Managed'
Mono path[1] = 'E:/Unity Installs/2022.3.13f1/Editor/Data/MonoBleedingEdge/lib/mono/unityjit-win32'
Mono config path = 'E:/Unity Installs/2022.3.13f1/Editor/Data/MonoBleedingEdge/etc'
Using monoOptions --debugger-agent=transport=dt_socket,embedding=1,server=y,suspend=n,address=127.0.0.1:56996
Begin MonoManager ReloadAssembly
Registering precompiled unity dll's ...
Register platform support module: E:/Unity Installs/2022.3.13f1/Editor/Data/PlaybackEngines/WindowsStandaloneSupport/UnityEditor.WindowsStandalone.Extensions.dll
Registered in 0.001576 seconds.
- Loaded All Assemblies, in  0.212 seconds
Native extension for WindowsStandalone target not found
Mono: successfully reloaded assembly
- Finished resetting the current domain, in  0.173 seconds
Domain Reload Profiling: 385ms
	BeginReloadAssembly (63ms)
		ExecutionOrderSort (0ms)
		DisableScriptedObjects (0ms)
		BackupInstance (0ms)
		ReleaseScriptingObjects (0ms)
		CreateAndSetChildDomain (0ms)
	RebuildCommonClasses (18ms)
	RebuildNativeTypeToScriptingClass (8ms)
	initialDomainReloadingComplete (27ms)
	LoadAllAssembliesAndSetupDomain (96ms)
		LoadAssemblies (63ms)
		RebuildTransferFunctionScriptingTraits (0ms)
		AnalyzeDomain (95ms)
			TypeCache.Refresh (94ms)
				TypeCache.ScanAssembly (79ms)
			ScanForSourceGeneratedMonoScriptInfo (0ms)
			ResolveRequiredComponents (1ms)
	FinalizeReload (174ms)
		ReleaseScriptCaches (0ms)
		RebuildScriptCaches (0ms)
		SetupLoadedEditorAssemblies (134ms)
			LogAssemblyErrors (0ms)
			InitializePlatformSupportModulesInManaged (5ms)
			SetLoadedEditorAssemblies (4ms)
			RefreshPlugins (0ms)
			BeforeProcessingInitializeOnLoad (1ms)
			ProcessInitializeOnLoadAttributes (89ms)
			ProcessInitializeOnLoadMethodAttributes (34ms)
			AfterProcessingInitializeOnLoad (0ms)
			EditorAssembliesLoaded (0ms)
		ExecutionOrderSort2 (0ms)
		AwakeInstancesAfterBackupRestoration (0ms)
========================================================================
Worker process is ready to serve import requests
Begin MonoManager ReloadAssembly
- Loaded All Assemblies, in  0.424 seconds
Refreshing native plugins compatible for Editor in 1.49 ms, found 3 plugins.
Native extension for WindowsStandalone target not found
Package Manager log level set to [2]
[Package Manager] Server::EnsureServerProcessIsRunning -- launch failed, reason: Unity was launched with the -noUpm command-line argument
[Package Manager] UpmClient::Send -- Unable to send message (not connected to UPM process).
[Package Manager] Cannot connect to Unity Package Manager local server
Mono: successfully reloaded assembly
- Finished resetting the current domain, in  0.568 seconds
Domain Reload Profiling: 992ms
	BeginReloadAssembly (83ms)
		ExecutionOrderSort (0ms)
		DisableScriptedObjects (3ms)
		BackupInstance (0ms)
		ReleaseScriptingObjects (0ms)
		CreateAndSetChildDomain (15ms)
	RebuildCommonClasses (17ms)
	RebuildNativeTypeToScriptingClass (6ms)
	initialDomainReloadingComplete (19ms)
	LoadAllAssembliesAndSetupDomain (300ms)
		LoadAssemblies (184ms)
		RebuildTransferFunctionScriptingTraits (0ms)
		AnalyzeDomain (162ms)
			TypeCache.Refresh (138ms)
				TypeCache.ScanAssembly (128ms)
			ScanForSourceGeneratedMonoScriptInfo (17ms)
			ResolveRequiredComponents (6ms)
	FinalizeReload (568ms)
		ReleaseScriptCaches (0ms)
		RebuildScriptCaches (0ms)
		SetupLoadedEditorAssemblies (462ms)
			LogAssemblyErrors (0ms)
			InitializePlatformSupportModulesInManaged (3ms)
			SetLoadedEditorAssemblies (2ms)
			RefreshPlugins (0ms)
			BeforeProcessingInitializeOnLoad (68ms)
			ProcessInitializeOnLoadAttributes (262ms)
			ProcessInitializeOnLoadMethodAttributes (126ms)
			AfterProcessingInitializeOnLoad (1ms)
			EditorAssembliesLoaded (0ms)
		ExecutionOrderSort2 (0ms)
		AwakeInstancesAfterBackupRestoration (3ms)
Launched and connected shader compiler UnityShaderCompiler.exe after 0.03 seconds
Refreshing native plugins compatible for Editor in 2.19 ms, found 3 plugins.
Preloading 0 native plugins for Editor in 0.00 ms.
Unloading 6655 Unused Serialized files (Serialized files now loaded: 0)
Unloading 106 unused Assets / (3.6 MB). Loaded Objects now: 7125.
Memory consumption went from 304.0 MB to 300.4 MB.
Total: 3.631800 ms (FindLiveObjects: 0.484100 ms CreateObjectMapping: 0.118900 ms MarkObjects: 2.362500 ms  DeleteObjects: 0.665500 ms)

AssetImportParameters requested are different than current active one (requested -> active):
  custom:scripting/monoscript/fileName/MB3_MeshBakerRoot.cs: e54858a9cda6e9ed5939d6aad726f2a3 -> 
  custom:scripting/monoscript/fileName/MB3_MBVersionConcrete.cs: 59667657b3601a74c3cfb57960dbf487 -> 
  custom:container-demuxer-ogg: 62fdf1f143b41e24485cea50d1cbac27 -> 
  custom:scripting/monoscript/fileName/TextureBlenderStandardMetallic.cs: 4f8982d10b3583f035b003b027cc0be5 -> 
  custom:scripting/monoscript/fileName/MB3_TextureCombiner.cs: c04aed5756759002e06dc253f3dd33f7 -> 
  custom:scripting/monoscript/fileName/AssemblyInfo.cs: 3a854c04b1f2ff167b2d7a450b74405c -> 53d0e8986685ee279f50bdc53646eeb9
  custom:scripting/monoscript/fileName/MB2_Core.cs: 4c6a2daa48b44b089b9e4f3e57ecd368 -> 
  custom:scripting/monoscript/fileName/MB3_GroupByLightmapIndex.cs: 72d20b39b18851da768fe1fee59deffb -> 
  custom:scripting/monoscript/fileName/MB3_BakeInPlace.cs: b88f156155dd9587d1192e8045328981 -> 
  custom:scripting/monoscript/fileName/MB_BatchPrepareObjectsForDynamicBatchingDescription.cs: e516218e6fb6f7e442c0b17d79134626 -> 
  custom:scripting/monoscript/fileName/MB3_TextureCombinerPackerMeshBakerFastV2.cs: 41c97d790d7640528cd7118c9272eb72 -> 
  custom:scripting/monoscript/fileName/MB3_MeshBakerSettingsAssetEditor.cs: 81f7b807cd88ebf65661527e8bdabcc3 -> 
  custom:scripting/monoscript/fileName/MB_BatchPrefabBakerEditorFunctions.cs: 6249b6ab1fed29acc75af6db7530f14a -> 
  custom:scripting/monoscript/fileName/MB_ReplacePrefabsInSceneEditorWindow.cs: 616c071298f6a6f86d69111b42d1dadb -> 
  custom:scripting/monoscript/fileName/TextureBlenderURPLit.cs: f65487dc3cdf1dee25924b95e1907942 -> 
  custom:framework-win-MediaFoundation: 216162199b28c13a410421893ffa2e32 -> 
  custom:scripting/monoscript/fileName/MB_ReplacePrefabsSettings.cs: 394553892b330a7b5cfb7df10cd65a8d -> 
  custom:scripting/monoscript/fileName/MB3_MeshBakerGrouper.cs: 1891090545ed815cd7850f631b8edf47 -> 
  custom:scripting/monoscript/fileName/MB3_GroupByShader.cs: 67c278e471cc697872422633744d2685 -> 
  custom:scripting/monoscript/fileName/MB_DefaultMeshAssignCustomizer.cs: 9de763ecba157bb77e1c050f0f2d3f1a -> 
  custom:scripting/monoscript/fileName/MB3_TextureCombinerPackerMeshBaker.cs: d6ead44f09a7d52f0f716c1ddef05cf4 -> 
  custom:scripting/monoscript/fileName/MB3_TextureCombinerEditorFunctions.cs: bdb341cf3a1db8f4e1e78fb5774f17ec -> 
  custom:scripting/monoscript/fileName/CustomizerPutSliceIndexInUV0_z.cs: ee9a8d5cba364683e4effe8af99ff577 -> 
  custom:scripting/monoscript/fileName/MB3_MeshBakerGrouperEditor.cs: 3d11291973a33745af890f8b49f60499 -> 
  custom:scripting/monoscript/fileName/MB2_TexturePacker.cs: 14b4ea2f27c6ef0ce57f85d025f6103c -> 
  custom:scripting/monoscript/fileName/MB3_SearchFilters.cs: 1dd886a10cbfc44735b36a51fb441034 -> 
  custom:scripting/monoscript/fileName/TextureBlenderMaterialPropertyCacheHelper.cs: f4a9715fe48de0150d334d69e8f9279d -> 
  custom:scripting/monoscript/fileName/MB3_BatchPrefabBaker.cs: 12aa5a023a3868b374a483a7db9f66d9 -> 
  custom:scripting/monoscript/fileName/MB_Example.cs: ac3cd917eadd20c3153294b37eb9ee0c -> 
  custom:scripting/monoscript/fileName/MB3_MeshBakerEditorInternal.cs: dd0d4d45dd35473bfef0c67fed330513 -> 
  custom:scripting/monoscript/fileName/MB_TextureBakerEditorConfigureMultiMaterials.cs: 7e06445aca3c6b9faa3105f0417c70ea -> 
  custom:scripting/monoscript/fileName/MB3_GroupByStandardShaderType.cs: a7b89b0c55423587ac20eb2cfca3b73c -> 
  custom:scripting/monoscript/fileName/MB3_GroupByAlreadyAdded.cs: a7e8ef38c6c3bb9554a4a280f4c9beee -> 
  custom:scripting/monoscript/fileName/MB3_MultiMeshBakerEditor.cs: 984c0c5f20723b50e4687be1af0e3abb -> 
  custom:scripting/monoscript/fileName/MB3_TextureCombinerNonTextureProperties.cs: 70fd2a389290618102c7cb50d39cdde9 -> 
  custom:scripting/monoscript/fileName/MB_EditorUtil.cs: fbca244abea462ed8dd0ea2e4c30f7f1 -> 
  custom:container-muxer-webm: aa71ff27fc2769a1b78a27578f13a17b -> 
  custom:scripting/monoscript/fileName/MB3_PriorityQueue.cs: 90647cc400823b41df847a6cbfc29026 -> 
  custom:scripting/monoscript/fileName/MB3_MBVersionConcreteEditor.cs: 2cf424ea8062ec59f0a91f904a62fad8 -> 
  custom:scripting/monoscript/fileName/MB3_GrouperCluster.cs: 3346fbd261be9200bfc8c9cda715b22f -> 
  custom:scripting/monoscript/fileName/MB3_GroupByStatic.cs: 1098475c117f529e731d509e992f5ea5 -> 
  custom:video-decoder-webm-vp8: 9c59270c3fd7afecdb556c50c9e8de78 -> 
  custom:scripting/monoscript/fileName/TextureBlenderLegacyBumpDiffuse.cs: 0946848af05b049ff8f1c6e81bc9c4c6 -> 
  custom:SearchIndexIgnoredProperties: e643bd26f0fe6173181afceb89e7c659 -> 
  custom:AudioImporter_EditorPlatform: d09bf68614088b80899f8185d706f6e7 -> 
  custom:scripting/monoscript/fileName/MB3_TextureCombinerPackerMeshBakerHorizontalVertical.cs: c9fd589def44b02e75fa25c1ebbbb79b -> 
  custom:scripting/monoscript/fileName/MB3_TextureCombinerPipeline.cs: a65c02e783f94e34657f073dd36039bf -> 
  custom:scripting/monoscript/fileName/MB3_MultiMeshCombiner.cs: 558f76dde0eeea5b99f110fada449291 -> 
  custom:scripting/monoscript/fileName/MB3_TextureBakerEditor.cs: 5af86c3b197609415f5599623d745664 -> 
  custom:scripting/monoscript/fileName/MB3_UVTransform.cs: cbd2c867258345fa2bde29004c44d0e8 -> 
  custom:scripting/monoscript/fileName/TextureBlenderStandardSpecular.cs: 584796d7bf03ea89fa97c4453a0ab9e8 -> 
  custom:scripting/monoscript/fileName/MB2_MBVersion.cs: 4cf90a5c14b8e7a75e8855e7f20cd61d -> 
  custom:scripting/monoscript/fileName/MB_ExampleSkinnedMeshDescription.cs: 54924ee8e543659f2c93f2ed1ceea230 -> 
  custom:scripting/monoscript/fileName/MB_IMeshBakerSettings.cs: b11c6f9f52563201be89ee8f462440db -> 
  custom:scripting/monoscript/fileName/MB3_GroupByEnabledDisabled.cs: 1f81ca7a0b0a15579f34854ba7a6516d -> 
  custom:scripting/monoscript/fileName/MB_SwitchBakedObjectsTexture.cs: eccc3401b4345abdc2aeadd52892d82e -> 
  custom:scripting/monoscript/fileName/MB_ReplacePrefabsInScene.cs: 99fa2e69d4155e11a69ab56fbd1fdb62 -> 
  custom:scripting/monoscript/fileName/MB_TGAWriter.cs: 554e303403a32d598f972c2bc8c8bc82 -> 
  custom:scripting/monoscript/fileName/TextureBlender.cs: 4a0b7aeddd041ea8cc7f0fbfdfc8a649 -> 
  custom:scripting/monoscript/fileName/MB3_TextureCombinerPackerUnity.cs: 2307a9bf7b638b89f0c93bd6be682529 -> 
  custom:scripting/monoscript/fileName/MB3_GroupByOutOfBoundsUVs.cs: f14111e2ee7442ffb6aedfc29330e040 -> 
  custom:scripting/monoscript/fileName/MB3_MeshCombinerSimpleUVAdjusterAtlas.cs: 5a0408c240e3527048a37d06ac4e659b -> 
  custom:audio-decoder-ogg-vorbis: bf7c407c2cedff20999df2af8eb42d56 -> 
  custom:scripting/monoscript/fileName/MB3_AgglomerativeClustering.cs: f094234092c5bffe97d881b69f27273f -> 
  custom:scripting/monoscript/fileName/MB3_DisableHiddenAnimations.cs: 25b5668afce1c6065bb48aed56ac667f -> 
  custom:scripting/monoscript/fileName/MB3_MeshCombiner.cs: 91623bf155e7b48eb7cff8daf6a8b678 -> 
  custom:scripting/monoscript/fileName/MB3_MeshBakerEditorWindowAddObjectsTab.cs: 837dc468583782de4ce04f111a493db9 -> 
  custom:scripting/monoscript/fileName/MB3_MeshBakerEditorWindowAnalyseSceneTab.cs: 73ab1ab3b92d7747e1fbc3a9722611c5 -> 
  custom:scripting/monoscript/fileName/TextureBlenderLegacyDiffuse.cs: 23efbce79e2c28fa3ceff8b9b63af8a3 -> 
  custom:scripting/monoscript/fileName/MB3_BatchPrefabBakerEditor.cs: 32d311781f53b765d283b7ed7bd65bd8 -> 
  custom:scripting/monoscript/fileName/MB3_AtlasPackerRenderTexture.cs: 2b08703bbb88b7b3d46054a825b2e496 -> 
  custom:audio-encoder-webm-vorbis: bf7c407c2cedff20999df2af8eb42d56 -> 
  custom:scripting/monoscript/fileName/MB2_TextureBakeResults.cs: 8b3859005f4e48005e366c414868293e -> 
  custom:scripting/monoscript/fileName/MB3_BoneWeightCopierEditor.cs: b7fb961fc443cf80b2ca6d4f7298b1a7 -> 
  custom:scripting/monoscript/fileName/MB3_MeshCombinerSimple.cs: 6ddd20b178ff9e9d602d7700333b3441 -> 
  custom:scripting/monoscript/fileName/MB_ExampleMover.cs: 641e7b661b999165a4faa3c2e9a46bfc -> 
  custom:scripting/monoscript/fileName/MB_SkinnedMeshSceneController.cs: 39477561985ac5fb234ee30f6b3c03f0 -> 
  custom:scripting/monoscript/fileName/TextureBlenderStandardMetallicRoughness.cs: 851af0ab7f1d3e76c7fb1d6771fb209c -> 
  custom:scripting/monoscript/fileName/MB3_MeshCombinerSimpleData.cs: c708f1e044cbef8b7acdd7552d5730ff -> 
  custom:scripting/monoscript/fileName/MB_TextureBakerEditorConfigureTextureArrays.cs: 0a7519b032a743dd71b4adabcad69e17 -> 
  custom:video-codec-MediaFoundation-h265: 746d11721c4dcdbdad8f713fa42b33f4 -> 
  custom:scripting/monoscript/fileName/MB3_MeshBaker.cs: 9e421e534044037a58fd6f75db540769 -> 
  custom:scripting/monoscript/fileName/MB3_TextureCombinerPackerMeshBakerFast.cs: a33611179af1abb1c6e788d9480efbce -> 
  custom:scripting/monoscript/fileName/MB_PrepareObjectsForDynamicBatchingDescription.cs: 6bcf21851075b9c9d10cf7fd4bc8eaae -> 
  custom:video-decoder-ogg-theora: a1e56fd34408186e4bbccfd4996cb3dc -> 
  custom:scripting/monoscript/fileName/MB3_ITextureCombinerPacker.cs: 76dadd5a59ace92a480b5d1cd7315a1e -> 
  custom:scripting/monoscript/fileName/MB2_Log.cs: 65debb2a0b6f6551b1a6d6a11ce0f885 -> 
  custom:scripting/monoscript/fileName/TextureBlenderFallback.cs: d77fd06c285768795a4fb8571094a8bd -> 
  custom:CustomObjectIndexerAttribute: 756ad292c208cfabdd7b50bc23989ffe -> 
  custom:container-demuxer-webm: 4f35f7cbe854078d1ac9338744f61a02 -> 
  custom:scripting/monoscript/fileName/MB3_TextureCombinerMerging.cs: 1e588c2122ee8b932cab91e0ed6d8efa -> 
  custom:scripting/monoscript/fileName/MB2_UpdateSkinnedMeshBoundsFromBones.cs: 3ab19cc01643ab5c950276c281efec23 -> 
  custom:scripting/monoscript/fileName/MB_SerializableSourceBlendShape2CombinedMap.cs: b6d4787002481205255ad2fa39bf89fb -> 
  custom:scripting/monoscript/fileName/MB3_MeshBakerEditorFunctions.cs: 0a5655c94d10b3a4a09143a0772c74cc -> 
  custom:scripting/monoscript/fileName/MB_Utility.cs: f6f2c733be0d69f1a2a3e0ec843130af -> 
  custom:scripting/monoscript/fileName/MB3_ShaderTexturePropertyDrawer.cs: 09799f9af92df56954902652aa92fe5f -> 
  custom:scripting/monoscript/fileName/MB3_MultiMeshBaker.cs: d534a6cfc5fe24918a9eb2bb2239a4d4 -> 
  custom:scripting/monoscript/fileName/MB3_Comment.cs: c635237f55e0687bb24170a834d52723 -> 
  custom:scripting/monoscript/fileName/BakeTexturesAtRuntime.cs: 03095b81b4f7df8fd72f52978980bb9a -> 
  custom:scripting/monoscript/fileName/MB3_MeshBakerSettingsEditor.cs: e10e471a63e20c55b092a7af5d3890a2 -> 
  custom:scripting/monoscript/fileName/MB3_MeshBakerEditor.cs: 09c3f705bfaa14523522f753c20ff569 -> 
  custom:scripting/monoscript/fileName/MB_ConvertTextureArrayFormatWizard.cs: e9dafddf3d7acd4545b060e784669e07 -> 
  custom:scripting/monoscript/fileName/MB2_UpdateSkinnedMeshBoundsFromBounds.cs: aa5bd56f79229bd44de589ae416f70c1 -> 
  custom:scripting/monoscript/fileName/MB_TextureArrays.cs: 876c4fd3804c892ff6e1b711ffe6203b -> 
  custom:scripting/monoscript/fileName/MB3_MeshCombinerSettings.cs: 71584dd0f3b76fe5568c136ff364f607 -> 
  custom:scripting/monoscript/fileName/MB3_MeshBakerCommon.cs: 4a17f8e9032f2572331fcc795b0d40f7 -> 
  custom:scripting/monoscript/fileName/MB3_MBVersionEditor.cs: e9e94b69e7b17b25d54560eab5500b4b -> 
  custom:scripting/monoscript/fileName/MB3_TextureBakerEditorInternal.cs: 621462adf1c860c0cbdea5b9d00608cf -> 
  custom:scripting/monoscript/fileName/MB3_TextureCombinerAtlasRect.cs: e44098fb2f325ba415e403c1aa649b81 -> 
  custom:scripting/monoscript/fileName/MB3_DisableHiddenAnimationsEditor.cs: c7b9e152cabb1b128d23a8d7b29ec43c -> 
  custom:scripting/monoscript/fileName/MB_IAssignToMeshCustomizer.cs: 878db524b0f6f88dc566fc7f7c87fb7a -> 
  custom:scripting/monoscript/fileName/MB_BlendShape2CombinedMap.cs: 585488b8a168c5c14798d877d16157d8 -> 
  custom:scripting/monoscript/fileName/MB2_TexturePackerHorizontalVert.cs: 827d0a97d849f55ec5f9544e2a55c3c6 -> 
  custom:video-encoder-webm-vp8: eb34c28f22e8b96e1ab97ce403110664 -> 
  custom:scripting/monoscript/fileName/MB3_TextureBaker.cs: 4fc1ed240832b26bd4292993152d4a97 -> 
  custom:scripting/monoscript/fileName/MB3_MeshCombinerSimpleBones.cs: 5a0408c240e3527048a37d06ac4e659b -> 
  custom:scripting/monoscript/fileName/MB3_BoneWeightCopier.cs: 2bdce0d1bb6f5ff25126938c5b4e38e7 -> 
  custom:scripting/monoscript/fileName/MB3_TextureCombinerPackerOneTextureInAtlas.cs: da538724c04f1c2ef927df1e7b33de2b -> 
  custom:scripting/monoscript/fileName/MB_BuildPreprocessChecker.cs: b0dd5f52a94b39da604513ff982ec779 -> 
  custom:scripting/monoscript/fileName/MB3_MeshBakerEditorWindow.cs: b82223e89fa139afd7c1a8811dadf24b -> 
  custom:scripting/monoscript/fileName/MB_PrefabPairPropertyDrawer.cs: c31757c42f9a6658ea803e8bd68d7b8f -> 
  custom:scripting/monoscript/fileName/MB3_GroupByMaterial.cs: 48cb987d2c82758a8ce9052fe7af4b71 -> 
  custom:scripting/monoscript/fileName/MB3_CopyBoneWeights.cs: 4bd039c841ddf5782048c377bdb3bad5 -> 
  custom:scripting/monoscript/fileName/MB_SwapShirts.cs: c93680a0646899616371de109d0b4947 -> 
  custom:scripting/monoscript/fileName/MB3_GroupByRenderType.cs: 1beb1a5d72e8048b2556723bae11b420 -> 
  custom:scripting/monoscript/fileName/MB3_MeshCombinerSimpleBlendShapes.cs: 6ddd20b178ff9e9d602d7700333b3441 -> 
  custom:scripting/monoscript/fileName/MB_DynamicAddDeleteExample.cs: 6ad11d39726a74fad6d1618aa851a324 -> 
Editor requested this worker to shutdown with reason: Scaling down because of idle timeout
TcpMessagingSession - receive error: operation aborted. errorcode: 995, details: Der E/A-Vorgang wurde wegen eines Threadendes oder einer Anwendungsanforderung abgebrochen.
AssetImportWorker is now disconnected from the server
Process exiting
Exiting without the bug reporter. Application will terminate with return code 0